[2019-11-02T15:14:03.128] [DEBUG] cheese - login => username:admin,password:123456
[2019-11-02T15:14:03.131] [DEBUG] cheese - admin
[2019-11-02T15:14:03.150] [DEBUG] cheese - null
[2019-11-02T15:14:03.151] [DEBUG] cheese - null
[2019-11-03T11:32:52.120] [DEBUG] cheese - login => username:admin,password:123456
[2019-11-03T11:32:52.126] [DEBUG] cheese - admin
[2019-11-03T11:32:52.346] [DEBUG] cheese - null
[2019-11-03T11:32:52.348] [DEBUG] cheese - null
[2019-11-03T11:33:47.324] [DEBUG] cheese - login => username:admin,password:123456
[2019-11-03T11:33:47.325] [DEBUG] cheese - admin
[2019-11-03T11:33:47.339] [DEBUG] cheese - null
[2019-11-03T11:33:47.340] [DEBUG] cheese - null
[2019-11-03T11:33:50.468] [DEBUG] cheese - login => username:admin,password:123456
[2019-11-03T11:33:50.469] [DEBUG] cheese - admin
[2019-11-03T11:33:50.476] [DEBUG] cheese - null
[2019-11-03T11:33:50.476] [DEBUG] cheese - null
[2019-11-03T11:34:03.214] [DEBUG] cheese - login => username:admin1,password:123456
[2019-11-03T11:34:03.215] [DEBUG] cheese - admin1
[2019-11-03T11:34:03.219] [DEBUG] cheese - null
[2019-11-03T11:34:03.219] [DEBUG] cheese - null
[2019-11-03T11:34:49.216] [DEBUG] cheese - login => username:admin,password:123456
[2019-11-03T11:34:49.216] [DEBUG] cheese - admin
[2019-11-03T11:34:49.223] [DEBUG] cheese - null
[2019-11-03T11:34:49.223] [DEBUG] cheese - null
[2019-11-03T11:38:58.057] [DEBUG] cheese - login => username:admin,password:123456
[2019-11-03T11:38:58.058] [DEBUG] cheese - admin
[2019-11-03T11:38:58.064] [DEBUG] cheese - null
[2019-11-03T11:38:58.064] [DEBUG] cheese - null
[2019-11-03T11:39:04.014] [DEBUG] cheese - login => username:admin,password:123456
[2019-11-03T11:39:04.015] [DEBUG] cheese - admin
[2019-11-03T11:39:04.020] [DEBUG] cheese - null
[2019-11-03T11:39:04.020] [DEBUG] cheese - null
[2019-11-03T14:09:10.954] [DEBUG] cheese - login => username:admin,password:123456
[2019-11-03T14:09:10.956] [DEBUG] cheese - admin
[2019-11-03T14:09:11.077] [DEBUG] cheese - null
[2019-11-03T14:09:11.078] [DEBUG] cheese - null
[2019-11-03T14:09:23.784] [DEBUG] cheese - login => username:admin1111,password:123456
[2019-11-03T14:09:23.784] [DEBUG] cheese - admin1111
[2019-11-03T14:09:23.792] [DEBUG] cheese - null
[2019-11-03T14:09:23.792] [DEBUG] cheese - null
[2019-11-03T14:22:15.982] [DEBUG] cheese - login => username:admin111,password:123456
[2019-11-03T14:22:15.983] [DEBUG] cheese - admin111
[2019-11-03T14:22:15.988] [DEBUG] cheese - null
[2019-11-03T14:22:15.989] [DEBUG] cheese - null
[2019-11-03T14:22:40.027] [DEBUG] cheese - login => username:admin1,password:123456
[2019-11-03T14:22:40.028] [DEBUG] cheese - admin1
[2019-11-03T14:22:40.031] [DEBUG] cheese - null
[2019-11-03T14:22:40.031] [DEBUG] cheese - null
[2019-11-03T14:23:28.736] [DEBUG] cheese - login => username:admin111,password:123456
[2019-11-03T14:23:28.736] [DEBUG] cheese - admin111
[2019-11-03T14:23:28.739] [DEBUG] cheese - null
[2019-11-03T14:23:28.740] [DEBUG] cheese - null
[2019-11-03T14:24:19.543] [DEBUG] cheese - login => username:admin1,password:123456
[2019-11-03T14:24:19.543] [DEBUG] cheese - admin1
[2019-11-03T14:24:19.545] [DEBUG] cheese - null
[2019-11-03T14:24:19.546] [DEBUG] cheese - null
[2019-11-03T14:31:57.325] [DEBUG] cheese - login => username:admin,password:123456
[2019-11-03T14:31:57.325] [DEBUG] cheese - admin
[2019-11-03T14:31:57.330] [DEBUG] cheese - null
[2019-11-03T14:31:57.330] [DEBUG] cheese - null
[2019-11-03T14:45:14.276] [DEBUG] cheese - login => username:admin,password:123456
[2019-11-03T14:45:14.276] [DEBUG] cheese - admin
[2019-11-03T14:45:14.280] [DEBUG] cheese - null
[2019-11-03T14:45:14.280] [DEBUG] cheese - null
[2019-11-03T14:46:31.809] [DEBUG] cheese - login => username:admin,password:123456
[2019-11-03T14:46:31.809] [DEBUG] cheese - admin
[2019-11-03T14:46:31.812] [DEBUG] cheese - null
[2019-11-03T14:46:31.813] [DEBUG] cheese - null
[2019-11-03T14:49:01.466] [DEBUG] cheese - login => username:admin,password:123456
[2019-11-03T14:49:01.466] [DEBUG] cheese - admin
[2019-11-03T14:49:01.470] [DEBUG] cheese - null
[2019-11-03T14:49:01.470] [DEBUG] cheese - null
[2019-11-03T15:18:37.046] [DEBUG] cheese - login => username:admin,password:123456
[2019-11-03T15:18:37.046] [DEBUG] cheese - admin
[2019-11-03T15:18:37.048] [DEBUG] cheese - null
[2019-11-03T15:18:37.048] [DEBUG] cheese - null
[2019-11-03T15:19:02.501] [DEBUG] cheese - login => username:admin,password:123456
[2019-11-03T15:19:02.501] [DEBUG] cheese - admin
[2019-11-03T15:19:02.504] [DEBUG] cheese - null
[2019-11-03T15:19:02.504] [DEBUG] cheese - null
[2019-11-03T16:16:58.493] [DEBUG] cheese - login => username:admin,password:123456
[2019-11-03T16:16:58.493] [DEBUG] cheese - admin
[2019-11-03T16:16:58.495] [DEBUG] cheese - null
[2019-11-03T16:16:58.495] [DEBUG] cheese - null
[2019-11-03T18:54:19.909] [DEBUG] cheese - login => username:admin,password:123456
[2019-11-03T18:54:19.909] [DEBUG] cheese - admin
[2019-11-03T18:54:19.915] [DEBUG] cheese - null
[2019-11-03T18:54:19.915] [DEBUG] cheese - null
[2019-11-03T19:15:12.719] [DEBUG] cheese - login => username:admin,password:123456
[2019-11-03T19:15:12.719] [DEBUG] cheese - admin
[2019-11-03T19:15:12.722] [DEBUG] cheese - null
[2019-11-03T19:15:12.722] [DEBUG] cheese - null
[2019-11-03T19:18:24.965] [DEBUG] cheese - login => username:admin,password:123456
[2019-11-03T19:18:24.965] [DEBUG] cheese - admin
[2019-11-03T19:18:24.969] [DEBUG] cheese - null
[2019-11-03T19:18:24.970] [DEBUG] cheese - null
[2019-11-03T19:42:11.650] [DEBUG] cheese - login => username:admin,password:123456
[2019-11-03T19:42:11.652] [DEBUG] cheese - admin
[2019-11-03T19:42:11.655] [DEBUG] cheese - null
[2019-11-03T19:42:11.655] [DEBUG] cheese - null
[2019-11-03T20:03:19.471] [DEBUG] cheese - login => username:admin,password:123456
[2019-11-03T20:03:19.472] [DEBUG] cheese - admin
[2019-11-03T20:03:19.474] [DEBUG] cheese - null
[2019-11-03T20:03:19.474] [DEBUG] cheese - null
[2019-11-03T20:04:21.527] [DEBUG] cheese - login => username:admin,password:123456
[2019-11-03T20:04:21.527] [DEBUG] cheese - admin
[2019-11-03T20:04:21.529] [DEBUG] cheese - null
[2019-11-03T20:04:21.529] [DEBUG] cheese - null
[2019-11-05T08:57:51.771] [DEBUG] cheese - login => username:admin,password:123456
[2019-11-05T08:57:51.776] [DEBUG] cheese - admin
[2019-11-05T08:57:51.892] [DEBUG] cheese - null
[2019-11-05T08:57:51.893] [DEBUG] cheese - null
[2019-11-05T10:07:59.752] [DEBUG] cheese - login => username:admin,password:123456
[2019-11-05T10:07:59.752] [DEBUG] cheese - admin
[2019-11-05T10:07:59.755] [DEBUG] cheese - null
[2019-11-05T10:07:59.755] [DEBUG] cheese - null
[2019-11-05T14:15:01.007] [DEBUG] cheese - login => username:admin,password:123456
[2019-11-05T14:15:01.011] [DEBUG] cheese - admin
[2019-11-05T14:15:01.113] [DEBUG] cheese - null
[2019-11-05T14:15:01.114] [DEBUG] cheese - null
[2019-11-05T15:06:45.386] [DEBUG] cheese - login => username:admin,password:123456
[2019-11-05T15:06:45.387] [DEBUG] cheese - admin
[2019-11-05T15:06:45.393] [DEBUG] cheese - null
[2019-11-05T15:06:45.393] [DEBUG] cheese - null
[2019-11-05T18:14:31.196] [DEBUG] cheese - login => username:admin,password:123456
[2019-11-05T18:14:31.201] [DEBUG] cheese - admin
[2019-11-05T18:14:31.237] [DEBUG] cheese - null
[2019-11-05T18:14:31.241] [DEBUG] cheese - null
[2019-11-06T09:00:45.033] [DEBUG] cheese - login => username:admin,password:123456
[2019-11-06T09:00:45.036] [DEBUG] cheese - admin
[2019-11-06T09:00:45.175] [DEBUG] cheese - null
[2019-11-06T09:00:45.176] [DEBUG] cheese - null
[2019-11-06T14:21:25.947] [DEBUG] cheese - login => username:admin,password:123456
[2019-11-06T14:21:25.954] [DEBUG] cheese - admin
[2019-11-06T14:21:26.044] [DEBUG] cheese - null
[2019-11-06T14:21:26.045] [DEBUG] cheese - null
[2019-11-06T14:24:31.293] [DEBUG] cheese - login => username:admin,password:123456
[2019-11-06T14:24:31.293] [DEBUG] cheese - admin
[2019-11-06T14:24:31.298] [DEBUG] cheese - null
[2019-11-06T14:24:31.298] [DEBUG] cheese - null
[2019-11-06T18:20:14.597] [DEBUG] cheese - login => username:admin,password:123456
[2019-11-06T18:20:14.597] [DEBUG] cheese - admin
[2019-11-06T18:20:14.601] [DEBUG] cheese - null
[2019-11-06T18:20:14.601] [DEBUG] cheese - null
[2019-11-08T08:59:51.350] [DEBUG] cheese - login => username:admin,password:123456
[2019-11-08T08:59:51.353] [DEBUG] cheese - admin
[2019-11-08T08:59:51.420] [DEBUG] cheese - null
[2019-11-08T08:59:51.421] [DEBUG] cheese - null
[2019-11-08T08:59:51.635] [DEBUG] cheese - login => username:admin,password:123456
[2019-11-08T08:59:51.635] [DEBUG] cheese - admin
[2019-11-08T08:59:51.642] [DEBUG] cheese - null
[2019-11-08T08:59:51.642] [DEBUG] cheese - null
[2019-11-08T09:03:03.758] [DEBUG] cheese - login => username:admin,password:123456
[2019-11-08T09:03:03.758] [DEBUG] cheese - admin
[2019-11-08T09:03:03.762] [DEBUG] cheese - null
[2019-11-08T09:03:03.762] [DEBUG] cheese - null
[2019-11-08T11:32:52.991] [DEBUG] cheese - login => username:admin,password:123456
[2019-11-08T11:32:52.991] [DEBUG] cheese - admin
[2019-11-08T11:32:52.997] [DEBUG] cheese - null
[2019-11-08T11:32:52.997] [DEBUG] cheese - null
[2019-11-08T14:50:37.048] [DEBUG] cheese - login => username:admin,password:123456
[2019-11-08T14:50:37.051] [DEBUG] cheese - admin
[2019-11-08T14:50:37.110] [DEBUG] cheese - null
[2019-11-08T14:50:37.111] [DEBUG] cheese - null
[2019-11-08T16:20:58.718] [DEBUG] cheese - login => username:admin,password:123456
[2019-11-08T16:20:58.718] [DEBUG] cheese - admin
[2019-11-08T16:20:58.722] [DEBUG] cheese - null
[2019-11-08T16:20:58.722] [DEBUG] cheese - null
[2019-11-09T09:00:30.879] [DEBUG] cheese - login => username:admin,password:123456
[2019-11-09T09:00:30.884] [DEBUG] cheese - admin
[2019-11-09T09:00:31.013] [DEBUG] cheese - null
[2019-11-09T09:00:31.014] [DEBUG] cheese - null
[2019-11-09T10:11:55.199] [DEBUG] cheese - login => username:admin,password:123456
[2019-11-09T10:11:55.199] [DEBUG] cheese - admin
[2019-11-09T10:11:55.206] [DEBUG] cheese - null
[2019-11-09T10:11:55.207] [DEBUG] cheese - null
[2019-11-09T15:28:42.855] [DEBUG] cheese - login => username:admin,password:123456
[2019-11-09T15:28:42.858] [DEBUG] cheese - admin
[2019-11-09T15:28:42.926] [DEBUG] cheese - null
[2019-11-09T15:28:42.928] [DEBUG] cheese - null
[2019-11-11T15:38:51.062] [DEBUG] cheese - login => username:admin,password:123456
[2019-11-11T15:38:51.064] [DEBUG] cheese - admin
[2019-11-11T15:38:51.201] [DEBUG] cheese - null
[2019-11-11T15:38:51.202] [DEBUG] cheese - null
[2019-11-12T11:26:41.842] [DEBUG] cheese - login => username:admin,password:123456
[2019-11-12T11:26:41.847] [DEBUG] cheese - admin
[2019-11-12T11:26:41.923] [DEBUG] cheese - null
[2019-11-12T11:26:41.925] [DEBUG] cheese - null
[2019-11-12T11:29:02.554] [DEBUG] cheese - login => username:admin,password:123456
[2019-11-12T11:29:02.555] [DEBUG] cheese - admin
[2019-11-12T11:29:02.568] [DEBUG] cheese - null
[2019-11-12T11:29:02.568] [DEBUG] cheese - null
[2019-11-12T11:30:56.978] [DEBUG] cheese - login => username:admin,password:123456
[2019-11-12T11:30:56.979] [DEBUG] cheese - admin
[2019-11-12T11:30:56.984] [DEBUG] cheese - null
[2019-11-12T11:30:56.985] [DEBUG] cheese - null
[2019-11-12T11:47:25.336] [DEBUG] cheese - login => username:admin,password:123456
[2019-11-12T11:47:25.346] [DEBUG] cheese - admin
[2019-11-12T11:47:25.390] [DEBUG] cheese - null
[2019-11-12T11:47:25.392] [DEBUG] cheese - null
[2019-11-12T11:49:50.874] [DEBUG] cheese - login => username:admin,password:123456
[2019-11-12T11:49:50.874] [DEBUG] cheese - admin
[2019-11-12T11:49:50.880] [DEBUG] cheese - null
[2019-11-12T11:49:50.880] [DEBUG] cheese - null
[2019-11-12T11:52:02.022] [DEBUG] cheese - login => username:admin,password:123456
[2019-11-12T11:52:02.022] [DEBUG] cheese - admin
[2019-11-12T11:52:02.029] [DEBUG] cheese - null
[2019-11-12T11:52:02.029] [DEBUG] cheese - null
[2019-11-12T11:55:13.336] [DEBUG] cheese - login => username:admin,password:123456
[2019-11-12T11:55:13.337] [DEBUG] cheese - admin
[2019-11-12T11:55:13.342] [DEBUG] cheese - null
[2019-11-12T11:55:13.343] [DEBUG] cheese - null
[2019-11-12T15:09:04.642] [DEBUG] cheese - login => username:admin,password:123456
[2019-11-12T15:09:04.645] [DEBUG] cheese - admin
[2019-11-12T15:09:04.707] [DEBUG] cheese - null
[2019-11-12T15:09:04.708] [DEBUG] cheese - null
[2019-11-14T10:31:38.078] [DEBUG] cheese - login => username:admin,password:123456
[2019-11-14T10:31:38.080] [DEBUG] cheese - admin
[2019-11-14T10:31:38.123] [DEBUG] cheese - null
[2019-11-14T10:31:38.124] [DEBUG] cheese - null
[2019-11-14T10:34:24.403] [DEBUG] cheese - login => username:admin,password:123456
[2019-11-14T10:34:24.404] [DEBUG] cheese - admin
[2019-11-14T10:34:24.408] [DEBUG] cheese - null
[2019-11-14T10:34:24.408] [DEBUG] cheese - null
[2019-11-21T18:39:09.285] [DEBUG] cheese - login => username:admin,password:123456
[2019-11-21T18:39:09.287] [DEBUG] cheese - admin
[2019-11-21T18:39:09.401] [DEBUG] cheese - null
[2019-11-21T18:39:09.402] [DEBUG] cheese - null
[2019-11-21T18:42:36.447] [DEBUG] cheese - login => username:admin,password:123456
[2019-11-21T18:42:36.447] [DEBUG] cheese - admin
[2019-11-21T18:42:36.451] [DEBUG] cheese - null
[2019-11-21T18:42:36.451] [DEBUG] cheese - null
[2019-11-21T18:56:34.847] [DEBUG] cheese - login => username:admin,password:123456
[2019-11-21T18:56:34.848] [DEBUG] cheese - admin
[2019-11-21T18:56:34.854] [DEBUG] cheese - null
[2019-11-21T18:56:34.854] [DEBUG] cheese - null
[2019-11-21T18:56:41.030] [DEBUG] cheese - login => username:admin,password:123456
[2019-11-21T18:56:41.030] [DEBUG] cheese - admin
[2019-11-21T18:56:41.037] [DEBUG] cheese - null
[2019-11-21T18:56:41.037] [DEBUG] cheese - null
[2019-11-21T18:57:43.914] [DEBUG] cheese - login => username:admin,password:123456
[2019-11-21T18:57:43.915] [DEBUG] cheese - admin
[2019-11-21T18:57:43.920] [DEBUG] cheese - null
[2019-11-21T18:57:43.920] [DEBUG] cheese - null
[2019-11-23T09:17:59.205] [DEBUG] cheese - login => username:admin,password:123456
[2019-11-23T09:17:59.209] [DEBUG] cheese - admin
[2019-11-23T09:17:59.280] [DEBUG] cheese - null
[2019-11-23T09:17:59.281] [DEBUG] cheese - null
[2019-12-10T09:11:04.802] [DEBUG] cheese - login => username:admin,password:123456
[2019-12-10T09:11:04.805] [DEBUG] cheese - admin
[2019-12-10T09:11:04.875] [DEBUG] cheese - null
[2019-12-10T09:11:04.876] [DEBUG] cheese - null
[2019-12-20T08:52:37.603] [DEBUG] cheese - login => username:admin,password:123456
[2019-12-20T08:52:37.612] [DEBUG] cheese - admin
[2019-12-20T08:52:37.636] [DEBUG] cheese - null
[2019-12-20T08:52:37.636] [DEBUG] cheese - null
[2019-12-20T09:04:12.861] [DEBUG] cheese - login => username:asas,password:54654654
[2019-12-20T09:04:12.862] [DEBUG] cheese - asas
[2019-12-20T09:04:12.871] [DEBUG] cheese - null
[2019-12-20T09:04:12.871] [DEBUG] cheese - null
[2019-12-20T09:12:37.009] [DEBUG] cheese - login => username:admin,password:123456
[2019-12-20T09:12:37.009] [DEBUG] cheese - admin
[2019-12-20T09:12:37.015] [DEBUG] cheese - null
[2019-12-20T09:12:37.015] [DEBUG] cheese - null
[2019-12-20T09:17:18.821] [DEBUG] cheese - login => username:admin,password:123456
[2019-12-20T09:17:18.821] [DEBUG] cheese - admin
[2019-12-20T09:17:18.826] [DEBUG] cheese - null
[2019-12-20T09:17:18.826] [DEBUG] cheese - null
[2019-12-20T09:47:15.511] [DEBUG] cheese - login => username:admin,password:123456
[2019-12-20T09:47:15.511] [DEBUG] cheese - admin
[2019-12-20T09:47:15.517] [DEBUG] cheese - null
[2019-12-20T09:47:15.517] [DEBUG] cheese - null
[2019-12-20T10:01:26.174] [DEBUG] cheese - login => username:admin,password:123456
[2019-12-20T10:01:26.174] [DEBUG] cheese - admin
[2019-12-20T10:01:26.177] [DEBUG] cheese - null
[2019-12-20T10:01:26.177] [DEBUG] cheese - null
[2019-12-20T10:05:36.440] [DEBUG] cheese - login => username:admin,password:123456
[2019-12-20T10:05:36.440] [DEBUG] cheese - admin
[2019-12-20T10:05:36.443] [DEBUG] cheese - null
[2019-12-20T10:05:36.443] [DEBUG] cheese - null
[2019-12-20T10:14:18.705] [DEBUG] cheese - login => username:admin,password:123456
[2019-12-20T10:14:18.706] [DEBUG] cheese - admin
[2019-12-20T10:14:18.709] [DEBUG] cheese - null
[2019-12-20T10:14:18.709] [DEBUG] cheese - null
[2019-12-20T10:16:00.459] [DEBUG] cheese - login => username:admin,password:123456
[2019-12-20T10:16:00.459] [DEBUG] cheese - admin
[2019-12-20T10:16:00.462] [DEBUG] cheese - null
[2019-12-20T10:16:00.462] [DEBUG] cheese - null
[2019-12-20T10:28:58.564] [DEBUG] cheese - login => username:admin,password:123456
[2019-12-20T10:28:58.564] [DEBUG] cheese - admin
[2019-12-20T10:28:58.569] [DEBUG] cheese - null
[2019-12-20T10:28:58.569] [DEBUG] cheese - null
[2019-12-20T10:57:21.823] [DEBUG] cheese - login => username:admin,password:123456
[2019-12-20T10:57:21.823] [DEBUG] cheese - admin
[2019-12-20T10:57:21.826] [DEBUG] cheese - null
[2019-12-20T10:57:21.826] [DEBUG] cheese - null
[2019-12-20T11:56:51.511] [DEBUG] cheese - login => username:admin,password:123456
[2019-12-20T11:56:51.511] [DEBUG] cheese - admin
[2019-12-20T11:56:51.517] [DEBUG] cheese - null
[2019-12-20T11:56:51.517] [DEBUG] cheese - null
[2019-12-20T13:18:51.367] [DEBUG] cheese - login => username:admin,password:123456
[2019-12-20T13:18:51.367] [DEBUG] cheese - admin
[2019-12-20T13:18:51.370] [DEBUG] cheese - null
[2019-12-20T13:18:51.370] [DEBUG] cheese - null
[2019-12-20T13:24:34.666] [DEBUG] cheese - login => username:admin,password:123456
[2019-12-20T13:24:34.666] [DEBUG] cheese - admin
[2019-12-20T13:24:34.681] [DEBUG] cheese - null
[2019-12-20T13:24:34.681] [DEBUG] cheese - null
[2019-12-20T13:45:13.147] [DEBUG] cheese - login => username:admin,password:123456
[2019-12-20T13:45:13.147] [DEBUG] cheese - admin
[2019-12-20T13:45:13.162] [DEBUG] cheese - null
[2019-12-20T13:45:13.162] [DEBUG] cheese - null
[2019-12-20T13:49:49.720] [DEBUG] cheese - login => username:admin,password:123456
[2019-12-20T13:49:49.720] [DEBUG] cheese - admin
[2019-12-20T13:49:49.735] [DEBUG] cheese - null
[2019-12-20T13:49:49.735] [DEBUG] cheese - null
[2019-12-20T14:05:59.276] [DEBUG] cheese - login => username:admin,password:123456
[2019-12-20T14:05:59.276] [DEBUG] cheese - admin
[2019-12-20T14:05:59.289] [DEBUG] cheese - null
[2019-12-20T14:05:59.289] [DEBUG] cheese - null
[2019-12-20T14:12:28.381] [DEBUG] cheese - login => username:admin,password:123456
[2019-12-20T14:12:28.381] [DEBUG] cheese - admin
[2019-12-20T14:12:28.385] [DEBUG] cheese - null
[2019-12-20T14:12:28.385] [DEBUG] cheese - null
[2019-12-20T15:43:37.900] [DEBUG] cheese - login => username:admin,password:123456
[2019-12-20T15:43:37.900] [DEBUG] cheese - admin
[2019-12-20T15:43:37.907] [DEBUG] cheese - null
[2019-12-20T15:43:37.907] [DEBUG] cheese - null
[2019-12-20T15:59:25.465] [DEBUG] cheese - login => username:admin,password:123456
[2019-12-20T15:59:25.465] [DEBUG] cheese - admin
[2019-12-20T15:59:25.469] [DEBUG] cheese - null
[2019-12-20T15:59:25.470] [DEBUG] cheese - null
